<?xml version="1.0" encoding="UTF-8"?>
<testng-results total="2" passed="2" failed="0" skipped="0">
  <reporter-output>
  </reporter-output>
  <suite started-at="2020-12-08T09:56:28Z" name="Suite" finished-at="2020-12-08T09:56:51Z" duration-ms="23024">
    <groups>
    </groups>
    <test started-at="2020-12-08T09:56:28Z" name="Testparallelexecution" finished-at="2020-12-08T09:56:51Z" duration-ms="23024">
      <class name="ParallelTC.parallelTest">
        <test-method is-config="true" signature="beforesetup(java.lang.String)[pri:0, instance:ParallelTC.parallelTest@4d518b32]" started-at="2020-12-08T15:26:28Z" name="beforesetup" finished-at="2020-12-08T15:26:38Z" duration-ms="9823" status="PASS">
          <params>
            <param index="0">
              <value>
                <![CDATA[chrome]]>
              </value>
            </param>
          </params>
          <reporter-output>
          </reporter-output>
        </test-method> <!-- beforesetup -->
        <test-method is-config="true" signature="beforesetup(java.lang.String)[pri:0, instance:ParallelTC.parallelTest@4d518b32]" started-at="2020-12-08T15:26:28Z" name="beforesetup" finished-at="2020-12-08T15:26:38Z" duration-ms="9824" status="PASS">
          <params>
            <param index="0">
              <value>
                <![CDATA[chrome]]>
              </value>
            </param>
          </params>
          <reporter-output>
          </reporter-output>
        </test-method> <!-- beforesetup -->
        <test-method signature="test1(java.lang.String)[pri:0, instance:ParallelTC.parallelTest@4d518b32]" started-at="2020-12-08T15:26:38Z" name="test1" finished-at="2020-12-08T15:26:51Z" duration-ms="13155" status="PASS">
          <params>
            <param index="0">
              <value>
                <![CDATA[chrome]]>
              </value>
            </param>
          </params>
          <reporter-output>
          </reporter-output>
        </test-method> <!-- test1 -->
        <test-method signature="test2(java.lang.String)[pri:0, instance:ParallelTC.parallelTest@4d518b32]" started-at="2020-12-08T15:26:38Z" name="test2" finished-at="2020-12-08T15:26:48Z" duration-ms="10382" status="PASS">
          <params>
            <param index="0">
              <value>
                <![CDATA[chrome]]>
              </value>
            </param>
          </params>
          <reporter-output>
          </reporter-output>
        </test-method> <!-- test2 -->
        <test-method is-config="true" signature="tearDown()[pri:0, instance:ParallelTC.parallelTest@4d518b32]" started-at="2020-12-08T15:26:48Z" name="tearDown" finished-at="2020-12-08T15:26:51Z" duration-ms="2477" status="PASS">
          <reporter-output>
          </reporter-output>
        </test-method> <!-- tearDown -->
        <test-method is-config="true" signature="tearDown()[pri:0, instance:ParallelTC.parallelTest@4d518b32]" started-at="2020-12-08T15:26:51Z" name="tearDown" finished-at="2020-12-08T15:26:51Z" duration-ms="0" status="PASS">
          <reporter-output>
          </reporter-output>
        </test-method> <!-- tearDown -->
      </class> <!-- ParallelTC.parallelTest -->
    </test> <!-- Testparallelexecution -->
  </suite> <!-- Suite -->
</testng-results>
